2024-09-13 [18:07:49.416] [Server thread/INFO]: Loading server configuration
2024-09-13 [18:07:49.437] [Server thread/INFO]: Selected English (eng) as the base language
2024-09-13 [18:07:49.439] [Server thread/INFO]: Starting Minecraft: Bedrock Edition server version v1.21.20
2024-09-13 [18:07:49.446] [Server thread/INFO]: Online mode is enabled. The server will verify that players are authenticated to Xbox Live.
2024-09-13 [18:07:49.538] [Server thread/INFO]: This server is running PocketMine-MP version 5.18.0
2024-09-13 [18:07:49.539] [Server thread/INFO]: PocketMine-MP is distributed under the LGPL License
2024-09-13 [18:07:50.169] [Server thread/INFO]: Loading resource packs...
2024-09-13 [18:07:50.671] [Server thread/INFO]: Preparing world "world"
2024-09-13 [18:07:50.710] [Server thread/NOTICE]: Spawn terrain for world "world" is being generated in the background
2024-09-13 [18:07:51.740] [Server thread/INFO]: Minecraft network interface running on 0.0.0.0:19132
2024-09-13 [18:07:51.740] [Server thread/INFO]: GS4 Query listener running on 0.0.0.0:19132
2024-09-13 [18:07:51.768] [Server thread/INFO]: Minecraft network interface running on [::]:19133
2024-09-13 [18:07:51.771] [Server thread/INFO]: GS4 Query listener running on [::]:19133
2024-09-13 [18:07:51.772] [Server thread/INFO]: Default game type: Survival Mode
2024-09-13 [18:07:51.773] [Server thread/INFO]: If you find this project useful, please consider donating to support development: https://patreon.com/pocketminemp
2024-09-13 [18:07:51.774] [Server thread/INFO]: Done (2.362s)! For help, type "help" or "?"
2024-09-13 [18:07:52.410] [Server thread/WARNING]: [Update Checker] Your version of PocketMine-MP is out of date. Version 5.18.1 was released on Tue Sep 3 11:47:53 2024
2024-09-13 [18:07:52.411] [Server thread/WARNING]: [Update Checker] Details: https://github.com/pmmp/PocketMine-MP/releases/tag/5.18.1
2024-09-13 [18:07:52.411] [Server thread/WARNING]: [Update Checker] Download: https://github.com/pmmp/PocketMine-MP/releases/download/5.18.1/PocketMine-MP.phar
2024-09-13 [18:07:52.769] [Server thread/INFO]: [World: world] Generating spawn terrain: 1 / 224 (0%)
2024-09-13 [18:07:54.397] [Server thread/INFO]: [World: world] Generating spawn terrain: 23 / 224 (10%)
2024-09-13 [18:07:54.940] [Server thread/INFO]: [World: world] Generating spawn terrain: 45 / 224 (20%)
2024-09-13 [18:07:55.308] [Server thread/INFO]: [World: world] Generating spawn terrain: 68 / 224 (30%)
2024-09-13 [18:07:55.846] [Server thread/INFO]: [World: world] Generating spawn terrain: 90 / 224 (40%)
2024-09-13 [18:07:56.169] [Server thread/INFO]: [World: world] Generating spawn terrain: 112 / 224 (50%)
2024-09-13 [18:07:56.486] [Server thread/INFO]: [World: world] Generating spawn terrain: 135 / 224 (60%)
2024-09-13 [18:07:56.772] [Server thread/INFO]: [World: world] Generating spawn terrain: 157 / 224 (70%)
2024-09-13 [18:07:57.036] [Server thread/INFO]: [World: world] Generating spawn terrain: 180 / 224 (80%)
2024-09-13 [18:07:57.282] [Server thread/INFO]: [World: world] Generating spawn terrain: 202 / 224 (90%)
2024-09-13 [18:07:57.594] [Server thread/INFO]: [World: world] Generating spawn terrain: 224 / 224 (100%)
2024-09-13 [18:09:03.022] [Server thread/INFO]: Received signal interrupt, stopping the server
2024-09-13 [18:09:03.023] [Server thread/INFO]: Unloading world "world"
2024-09-13 [18:09:03.101] [Server thread/INFO]: Stopping other threads
